Using pre-set license
Built from '2020.3/staging' branch; Version is '2020.3.10f1 (297d780c91bc) revision 2719096'; Using compiler version '192528614'; Build Type 'Release'
OS: 'Windows 10 Home; OS build 19041.508; Version 2004; 64bit' Language: 'en' Physical Memory: 16332 MB
BatchMode: 1, IsHumanControllingUs: 0, StartBugReporterOnCrash: 0, Is64bit: 1, IsPro: 0

 COMMAND LINE ARGUMENTS:
D:\Program Files\2020.3.10f1\Editor\Unity.exe
-adb2
-batchMode
-noUpm
-name
AssetImportWorker0
-projectPath
C:/Users/Jack/TurnBasedTutorialSeries/Pokemon
-logFile
Logs/AssetImportWorker0.log
-srvPort
58526
Successfully changed project path to: C:/Users/Jack/TurnBasedTutorialSeries/Pokemon
C:/Users/Jack/TurnBasedTutorialSeries/Pokemon
Using Asset Import Pipeline V2.
Refreshing native plugins compatible for Editor in 31.78 ms, found 3 plugins.
Preloading 0 native plugins for Editor in 0.00 ms.
Initialize engine version: 2020.3.10f1 (297d780c91bc)
[Subsystems] Discovering subsystems at path D:/Program Files/2020.3.10f1/Editor/Data/Resources/UnitySubsystems
[Subsystems] Discovering subsystems at path C:/Users/Jack/TurnBasedTutorialSeries/Pokemon/Assets
GfxDevice: creating device client; threaded=0
Direct3D:
    Version:  Direct3D 11.0 [level 11.1]
    Renderer: NVIDIA GeForce RTX 2070 SUPER (ID=0x1e84)
    Vendor:   
    VRAM:     8011 MB
    Driver:   30.0.14.9649
Initialize mono
Mono path[0] = 'D:/Program Files/2020.3.10f1/Editor/Data/Managed'
Mono path[1] = 'D:/Program Files/2020.3.10f1/Editor/Data/MonoBleedingEdge/lib/mono/unityjit'
Mono config path = 'D:/Program Files/2020.3.10f1/Editor/Data/MonoBleedingEdge/etc'
Using monoOptions --debugger-agent=transport=dt_socket,embedding=1,server=y,suspend=n,address=127.0.0.1:56564
Begin MonoManager ReloadAssembly
Registering precompiled unity dll's ...
Register platform support module: D:/Program Files/2020.3.10f1/Editor/Data/PlaybackEngines/WebGLSupport/UnityEditor.WebGL.Extensions.dll
Register platform support module: D:/Program Files/2020.3.10f1/Editor/Data/PlaybackEngines/MacStandaloneSupport/UnityEditor.OSXStandalone.Extensions.dll
Register platform support module: D:/Program Files/2020.3.10f1/Editor/Data/PlaybackEngines/WindowsStandaloneSupport/UnityEditor.WindowsStandalone.Extensions.dll
Register platform support module: D:/Program Files/2020.3.10f1/Editor/Data/PlaybackEngines/LinuxStandaloneSupport/UnityEditor.LinuxStandalone.Extensions.dll
Registered in 0.001328 seconds.
Native extension for LinuxStandalone target not found
Native extension for WindowsStandalone target not found
Native extension for OSXStandalone target not found
Native extension for WebGL target not found
Refreshing native plugins compatible for Editor in 33.75 ms, found 3 plugins.
Preloading 0 native plugins for Editor in 0.00 ms.
Mono: successfully reloaded assembly
- Completed reload, in  1.164 seconds
Platform modules already initialized, skipping
Registering precompiled user dll's ...
Registered in 0.002466 seconds.
Begin MonoManager ReloadAssembly
Native extension for LinuxStandalone target not found
Native extension for WindowsStandalone target not found
Native extension for OSXStandalone target not found
Native extension for WebGL target not found
Refreshing native plugins compatible for Editor in 39.33 ms, found 3 plugins.
Preloading 0 native plugins for Editor in 0.00 ms.
Mono: successfully reloaded assembly
- Completed reload, in  0.954 seconds
Platform modules already initialized, skipping
========================================================================
Worker process is ready to serve import requests
Launched and connected shader compiler UnityShaderCompiler.exe after 0.04 seconds
Refreshing native plugins compatible for Editor in 0.45 ms, found 3 plugins.
Preloading 0 native plugins for Editor in 0.00 ms.
Unloading 2119 Unused Serialized files (Serialized files now loaded: 0)
System memory in use before: 95.8 MB.
System memory in use after: 95.8 MB.

Unloading 32 unused Assets to reduce memory usage. Loaded Objects now: 2555.
Total: 2.212300 ms (FindLiveObjects: 0.181400 ms CreateObjectMapping: 0.076500 ms MarkObjects: 1.838800 ms  DeleteObjects: 0.114200 ms)

========================================================================
Received Import Request.
  path: Assets/Scripts/MonsterMove.cs
  artifactKey: Guid(2a891c06d43bf024f84dff4a51fb4852) Importer(815301076,1909f56bfc062723c751e8b465ee728b)
Start importing Assets/Scripts/MonsterMove.cs using Guid(2a891c06d43bf024f84dff4a51fb4852) Importer(815301076,1909f56bfc062723c751e8b465ee728b)  -> (artifact id: 'a05c02acd9bf12c80f697956edf2623e') in 0.023229 seconds
  Import took 0.026366 seconds .

========================================================================
Received Import Request.
  Time since last request: 0.000177 seconds.
  path: Assets/Scripts/MonsterData.cs
  artifactKey: Guid(b0f020e8f870dbc459b24ac78c795d66) Importer(815301076,1909f56bfc062723c751e8b465ee728b)
Start importing Assets/Scripts/MonsterData.cs using Guid(b0f020e8f870dbc459b24ac78c795d66) Importer(815301076,1909f56bfc062723c751e8b465ee728b)  -> (artifact id: '3561bf0564284409d7c4df9ea68defa9') in 0.005679 seconds
  Import took 0.009088 seconds .

========================================================================
Received Prepare
Refreshing native plugins compatible for Editor in 2.55 ms, found 3 plugins.
Preloading 0 native plugins for Editor in 0.00 ms.
Unloading 18 Unused Serialized files (Serialized files now loaded: 0)
System memory in use before: 53.0 MB.
System memory in use after: 53.1 MB.

Unloading 18 unused Assets to reduce memory usage. Loaded Objects now: 2555.
Total: 1.705400 ms (FindLiveObjects: 0.147800 ms CreateObjectMapping: 0.063300 ms MarkObjects: 1.428700 ms  DeleteObjects: 0.064900 ms)

AssetImportWorkerClient::OnTransportError - code=2 error=End of file
